<?xml version="1.0" encoding="UTF-8"?>
<testsuite xmlns:xsi="http://www.w3.org/2001/XMLSchema-instance" xsi:noNamespaceSchemaLocation="https://maven.apache.org/surefire/maven-surefire-plugin/xsd/surefire-test-report-3.0.xsd" version="3.0" name="runners.Smoke" time="37.212" tests="3" errors="0" skipped="0" failures="0">
  <properties>
[...]
</properties>
  <testcase name="Search an employee by name" classname="US-12345 Search an employee in HRMS" time="21.881">
    <system-out><![CDATA[Result displayed
]]></system-out>
    <system-err><![CDATA[SLF4J: Failed to load class "org.slf4j.impl.StaticLoggerBinder".
SLF4J: Defaulting to no-operation (NOP) logger implementation
SLF4J: See http://www.slf4j.org/codes.html#StaticLoggerBinder for further details.
ERROR StatusLogger Log4j2 could not find a logging implementation. Please add log4j-core to the classpath. Using SimpleLogger to log to the console...
Starting ChromeDriver 103.0.5060.53 (a1711811edd74ff1cf2150f36ffa3b0dae40b17f-refs/branch-heads/5060@{#853}) on port 51425
Only local connections are allowed.
Please see https://chromedriver.chromium.org/security-considerations for suggestions on keeping ChromeDriver safe.
ChromeDriver was started successfully.
Jul 06, 2022 1:13:27 PM org.openqa.selenium.remote.ProtocolHandshake createSession
INFO: Detected upstream dialect: W3C
Jul 06, 2022 1:13:27 PM org.openqa.selenium.devtools.CdpVersionFinder findNearestMatch
WARNING: Unable to find an exact match for CDP version 103, so returning the closest version found: 102
Jul 06, 2022 1:13:27 PM org.openqa.selenium.devtools.CdpVersionFinder findNearestMatch
INFO: Found CDP implementation for version 103 of 102
1657127609894	geckodriver	INFO	Listening on 127.0.0.1:62593
1657127609913	mozrunner::runner	INFO	Running command: "/Applications/Firefox.app/Contents/MacOS/firefox-bin" "--marionette" "--remote-debugging-port" "56564" "--remote-allow-hosts" "localhost" "--remote-allow-origins" "http://localhost:56564/" "-foreground" "-no-remote" "-profile" "/var/folders/vd/t9mxpm8j5wv1fdzfyhv4tqxw0000gn/T/rust_mozprofilemN1WdP"
2022-07-06 13:13:30.702 plugin-container[41954:589642] nil host used in call to allowsSpecificHTTPSCertificateForHost
2022-07-06 13:13:30.703 plugin-container[41954:589642] nil host used in call to allowsAnyHTTPSCertificateForHost:
2022-07-06 13:13:30.710 plugin-container[41954:589642] nil host used in call to allowsSpecificHTTPSCertificateForHost
2022-07-06 13:13:30.710 plugin-container[41954:589642] nil host used in call to allowsAnyHTTPSCertificateForHost:
2022-07-06 13:13:30.710 plugin-container[41954:589647] nil host used in call to allowsSpecificHTTPSCertificateForHost
2022-07-06 13:13:30.710 plugin-container[41954:589647] nil host used in call to allowsAnyHTTPSCertificateForHost:
1657127610843	Marionette	INFO	Marionette enabled
console.warn: SearchSettings: "get: No settings file exists, new profile?" (new NotFoundError("Could not open the file at /var/folders/vd/t9mxpm8j5wv1fdzfyhv4tqxw0000gn/T/rust_mozprofilemN1WdP/search.json.mozlz4", (void 0)))
console.error: BackgroundUpdate: 
  _reasonsToNotScheduleUpdates: Failed to check for Maintenance Service Registry Key: [Exception... "Component returned failure code: 0x80004001 (NS_ERROR_NOT_IMPLEMENTED) [nsIUpdateProcessor.getServiceRegKeyExists]"  nsresult: "0x80004001 (NS_ERROR_NOT_IMPLEMENTED)"  location: "JS frame :: resource://gre/modules/BackgroundUpdate.jsm :: _reasonsToNotScheduleUpdates :: line 241"  data: no]
DevTools listening on ws://localhost:56564/devtools/browser/1863fcd7-2010-4719-8a4b-d40af69d7629
1657127613851	Marionette	INFO	Listening on port 61902
Read port: 61902
1657127613918	RemoteAgent	WARN	TLS certificate errors will be ignored for this session
Jul 06, 2022 1:13:33 PM org.openqa.selenium.remote.ProtocolHandshake createSession
INFO: Detected upstream dialect: W3C
console.warn: LoginRecipes: "getRecipes: falling back to a synchronous message for:" "http://hrm.syntaxtechs.net"
console.warn: LoginRecipJeavas:Script  error: resou"rgceetRe:c/ip/es: fgarllei/mngodul esba/cLko gtion a sManageyrnPcahrrenotn.ojus messagsem f,or: " "lhitntep:// hrm.136:s yTntaxytecphes.net"E
rror: gRecipeManager is null
console.warn: LoginRecipes: "getRecipes: falling back tJoa ava Sscript yenrcrhorro: nreous message for:" "shottuprce://gre:///hrmm.syntaxtechs.net"
odules/LoginManagerParent.jsm, line 136: TypeError: gRecipeManager is null
console.warn: LoginRecipes: "getRecipes: falling back to a synchronous message for:" "http://hrm.syntaxtechs.net"
JavaScript error: resource://gre/console.warn: LoginRecipes: "getRecipes: falling back to a synchronous message for:" "http://hrm.syntaxtechs.net"
modules/LoginManagerParent.jsm, line 136: TypeError: gRecipeManager is null
JavaScript error: resource://gre/modules/LoginManagerParent.jsm, line 136: TypeError: gRecipeManager is null
1657127622965	Marionette	INFO	Stopped listening on port 61902

###!!! [Parent][PImageBridgeParent] Error: RunMessage(msgname=PImageBridge::Msg_WillClose) Channel closing: too late to send/recv, messages will be lost

]]></system-err>
  </testcase>
  <testcase name="Admin login" classname="Validation of login scenarios" time="7.982">
    <system-err><![CDATA[Starting ChromeDriver 103.0.5060.53 (a1711811edd74ff1cf2150f36ffa3b0dae40b17f-refs/branch-heads/5060@{#853}) on port 57561
Only local connections are allowed.
Please see https://chromedriver.chromium.org/security-considerations for suggestions on keeping ChromeDriver safe.
ChromeDriver was started successfully.
Jul 06, 2022 1:13:44 PM org.openqa.selenium.remote.ProtocolHandshake createSession
INFO: Detected upstream dialect: W3C
Jul 06, 2022 1:13:44 PM org.openqa.selenium.devtools.CdpVersionFinder findNearestMatch
WARNING: Unable to find an exact match for CDP version 103, so returning the closest version found: 102
Jul 06, 2022 1:13:44 PM org.openqa.selenium.devtools.CdpVersionFinder findNearestMatch
INFO: Found CDP implementation for version 103 of 102
1657127624967	geckodriver	INFO	Listening on 127.0.0.1:49351
1657127624985	mozrunner::runner	INFO	Running command: "/Applications/Firefox.app/Contents/MacOS/firefox-bin" "--marionette" "--remote-debugging-port" "57966" "--remote-allow-hosts" "localhost" "--remote-allow-origins" "http://localhost:57966/" "-foreground" "-no-remote" "-profile" "/var/folders/vd/t9mxpm8j5wv1fdzfyhv4tqxw0000gn/T/rust_mozprofileXD6weo"
2022-07-06 13:13:45.693 plugin-container[41987:590283] nil host used in call to allowsSpecificHTTPSCertificateForHost
2022-07-06 13:13:45.693 plugin-container[41987:590283] nil host used in call to allowsAnyHTTPSCertificateForHost:
2022-07-06 13:13:45.711 plugin-container[41987:590283] nil host used in call to allowsSpecificHTTPSCertificateForHost
2022-07-06 13:13:45.711 plugin-container[41987:590283] nil host used in call to allowsAnyHTTPSCertificateForHost:
1657127625761	Marionette	INFO	Marionette enabled
2022-07-06 13:13:45.777 plugin-container[41987:590299] nil host used in call to allowsSpecificHTTPSCertificateForHost
2022-07-06 13:13:45.777 plugin-container[41987:590299] nil host used in call to allowsAnyHTTPSCertificateForHost:
console.warn: SearchSettings: "get: No settings file exists, new profile?" (new NotFoundError("Could not open the file at /var/folders/vd/t9mxpm8j5wv1fdzfyhv4tqxw0000gn/T/rust_mozprofileXD6weo/search.json.mozlz4", (void 0)))
console.error: BackgroundUpdate: 
  _reasonsToNotScheduleUpdates: Failed to check for Maintenance Service Registry Key: [Exception... "Component returned failure code: 0x80004001 (NS_ERROR_NOT_IMPLEMENTED) [nsIUpdateProcessor.getServiceRegKeyExists]"  nsresult: "0x80004001 (NS_ERROR_NOT_IMPLEMENTED)"  location: "JS frame :: resource://gre/modules/BackgroundUpdate.jsm :: _reasonsToNotScheduleUpdates :: line 241"  data: no]
DevTools listening on ws://localhost:57966/devtools/browser/ce416f92-5e7b-461d-9c2b-730296c607a9
1657127627866	Marionette	INFO	Listening on port 62080
Read port: 62080
1657127627957	RemoteAgent	WARN	TLS certificate errors will be ignored for this session
Jul 06, 2022 1:13:47 PM org.openqa.selenium.remote.ProtocolHandshake createSession
INFO: Detected upstream dialect: W3C
console.warn: LoginRecipes: "getRecipes: falling back to a synchronous message for:" "http://hrm.syntaxtechs.net"
console.warn: LoginRecipes: "getRecipes: falling back to a synchronous message for:" "http://hrm.syntaxtechs.net"
JavaScript error: resource://gre/modules/LoginManagerParent.jsm, line 136: TypeError: gRecipeManager is null
1657127630960	Marionette	INFO	Stopped listening on port 62080
]]></system-err>
  </testcase>
  <testcase name="Invalid login" classname="Validation of login scenarios" time="6.297">
    <system-err><![CDATA[Starting ChromeDriver 103.0.5060.53 (a1711811edd74ff1cf2150f36ffa3b0dae40b17f-refs/branch-heads/5060@{#853}) on port 54103
Only local connections are allowed.
Please see https://chromedriver.chromium.org/security-considerations for suggestions on keeping ChromeDriver safe.
ChromeDriver was started successfully.
Jul 06, 2022 1:13:52 PM org.openqa.selenium.remote.ProtocolHandshake createSession
INFO: Detected upstream dialect: W3C
Jul 06, 2022 1:13:52 PM org.openqa.selenium.devtools.CdpVersionFinder findNearestMatch
WARNING: Unable to find an exact match for CDP version 103, so returning the closest version found: 102
Jul 06, 2022 1:13:52 PM org.openqa.selenium.devtools.CdpVersionFinder findNearestMatch
INFO: Found CDP implementation for version 103 of 102
1657127632662	geckodriver	INFO	Listening on 127.0.0.1:54780
1657127632684	mozrunner::runner	INFO	Running command: "/Applications/Firefox.app/Contents/MacOS/firefox-bin" "--marionette" "--remote-debugging-port" "63171" "--remote-allow-hosts" "localhost" "--remote-allow-origins" "http://localhost:63171/" "-foreground" "-no-remote" "-profile" "/var/folders/vd/t9mxpm8j5wv1fdzfyhv4tqxw0000gn/T/rust_mozprofileE4nCDa"
1657127633281	Marionette	INFO	Marionette enabled
2022-07-06 13:13:53.374 plugin-container[42017:590785] nil host used in call to allowsSpecificHTTPSCertificateForHost
2022-07-06 13:13:53.374 plugin-container[42017:590785] nil host used in call to allowsAnyHTTPSCertificateForHost:
2022-07-06 13:13:53.381 plugin-container[42017:590785] nil host used in call to allowsSpecificHTTPSCertificateForHost
2022-07-06 13:13:53.381 plugin-container[42017:590785] nil host used in call to allowsAnyHTTPSCertificateForHost:
2022-07-06 13:13:53.383 plugin-container[42017:590787] nil host used in call to allowsSpecificHTTPSCertificateForHost
2022-07-06 13:13:53.383 plugin-container[42017:590787] nil host used in call to allowsAnyHTTPSCertificateForHost:
console.warn: SearchSettings: "get: No settings file exists, new profile?" (new NotFoundError("Could not open the file at /var/folders/vd/t9mxpm8j5wv1fdzfyhv4tqxw0000gn/T/rust_mozprofileE4nCDa/search.json.mozlz4", (void 0)))
console.error: BackgroundUpdate: 
  _reasonsToNotScheduleUpdates: Failed to check for Maintenance Service Registry Key: [Exception... "Component returned failure code: 0x80004001 (NS_ERROR_NOT_IMPLEMENTED) [nsIUpdateProcessor.getServiceRegKeyExists]"  nsresult: "0x80004001 (NS_ERROR_NOT_IMPLEMENTED)"  location: "JS frame :: resource://gre/modules/BackgroundUpdate.jsm :: _reasonsToNotScheduleUpdates :: line 241"  data: no]
DevTools listening on ws://localhost:63171/devtools/browser/3e986a64-3f71-4ce4-bc06-974ec4c376ab
1657127635072	Marionette	INFO	Listening on port 62248
Read port: 62248
1657127635179	RemoteAgent	WARN	TLS certificate errors will be ignored for this session
Jul 06, 2022 1:13:55 PM org.openqa.selenium.remote.ProtocolHandshake createSession
INFO: Detected upstream dialect: W3C
console.warn: LoginRecipes: "getRecipes: falling back to a synchronous message for:" "http://hrm.syntaxtechs.net"
console.warn: LoginRecipes: "getRecipes: falling back to a synchronous message for:" "http://hrm.syntaxtechs.net"
JavaScript error: resource://gre/modules/LoginManagerParent.jsm, line 136: TypeError: gRecipeManager is null
1657127637378	Marionette	INFO	Stopped listening on port 62248

###!!! [Parent][PImageBridgeParent] Error: RunMessage(msgname=PImageBridge::Msg_WillClose) Channel closing: too late to send/recv, messages will be lost

]]></system-err>
  </testcase>
</testsuite>